c:\users\james\downloads\ogldev-source\ogldev-source\windows\ogldev\debug\common.pdb
c:\users\james\downloads\ogldev-source\ogldev-source\windows\ogldev\debug\common.idb
c:\users\james\downloads\ogldev-source\ogldev-source\windows\ogldev\debug\pipeline.obj
c:\users\james\downloads\ogldev-source\ogldev-source\windows\ogldev\debug\ogldev_xcb_control.obj
c:\users\james\downloads\ogldev-source\ogldev-source\windows\ogldev\debug\ogldev_win32_control.obj
c:\users\james\downloads\ogldev-source\ogldev-source\windows\ogldev\debug\ogldev_vulkan_core.obj
c:\users\james\downloads\ogldev-source\ogldev-source\windows\ogldev\debug\ogldev_vulkan.obj
c:\users\james\downloads\ogldev-source\ogldev-source\windows\ogldev\debug\ogldev_texture.obj
c:\users\james\downloads\ogldev-source\ogldev-source\windows\ogldev\debug\ogldev_skinned_mesh.obj
c:\users\james\downloads\ogldev-source\ogldev-source\windows\ogldev\debug\ogldev_shadow_map_fbo.obj
c:\users\james\downloads\ogldev-source\ogldev-source\windows\ogldev\debug\ogldev_glfw_backend.obj
c:\users\james\downloads\ogldev-source\ogldev-source\windows\ogldev\debug\ogldev_basic_mesh.obj
c:\users\james\downloads\ogldev-source\ogldev-source\windows\ogldev\debug\ogldev_basic_lighting.obj
c:\users\james\downloads\ogldev-source\ogldev-source\windows\ogldev\debug\ogldev_backend.obj
c:\users\james\downloads\ogldev-source\ogldev-source\windows\ogldev\debug\ogldev_atb.obj
c:\users\james\downloads\ogldev-source\ogldev-source\windows\ogldev\debug\ogldev_app.obj
c:\users\james\downloads\ogldev-source\ogldev-source\windows\ogldev\debug\math_3d.obj
c:\users\james\downloads\ogldev-source\ogldev-source\windows\ogldev\debug\io_buffer.obj
c:\users\james\downloads\ogldev-source\ogldev-source\windows\ogldev\debug\glut_backend.obj
c:\users\james\downloads\ogldev-source\ogldev-source\windows\ogldev\debug\cubemap_texture.obj
c:\users\james\downloads\ogldev-source\ogldev-source\windows\ogldev\debug\camera.obj
c:\users\james\downloads\ogldev-source\ogldev-source\windows\ogldev\debug\technique.obj
c:\users\james\downloads\ogldev-source\ogldev-source\windows\ogldev\debug\random_texture.obj
c:\users\james\downloads\ogldev-source\ogldev-source\windows\ogldev\debug\ogldev_util.obj
c:\users\james\downloads\ogldev-source\ogldev-source\windows\ogldev\debug\common.lib
c:\users\james\downloads\ogldev-source\ogldev-source\windows\ogldev\debug\common.tlog\cl.command.1.tlog
c:\users\james\downloads\ogldev-source\ogldev-source\windows\ogldev\debug\common.tlog\cl.read.1.tlog
c:\users\james\downloads\ogldev-source\ogldev-source\windows\ogldev\debug\common.tlog\cl.write.1.tlog
c:\users\james\downloads\ogldev-source\ogldev-source\windows\ogldev\debug\common.tlog\lib-link.read.1.tlog
c:\users\james\downloads\ogldev-source\ogldev-source\windows\ogldev\debug\common.tlog\lib-link.write.1.tlog
c:\users\james\downloads\ogldev-source\ogldev-source\windows\ogldev\debug\common.tlog\lib.command.1.tlog
